c:\users\morgan\onedrive\programmering\3dprojekt\3dprojekt\debug\vc142.pdb
c:\users\morgan\onedrive\programmering\3dprojekt\3dprojekt\debug\vc142.idb
c:\users\morgan\onedrive\programmering\3dprojekt\3dprojekt\debug\windowhelper.obj
c:\users\morgan\onedrive\programmering\3dprojekt\3dprojekt\debug\pipelinehelper.obj
c:\users\morgan\onedrive\programmering\3dprojekt\3dprojekt\debug\material.obj
c:\users\morgan\onedrive\programmering\3dprojekt\3dprojekt\debug\lightbuffer.obj
c:\users\morgan\onedrive\programmering\3dprojekt\3dprojekt\debug\d3d11helper.obj
c:\users\morgan\onedrive\programmering\3dprojekt\3dprojekt\debug\constantbuffer.obj
c:\users\morgan\onedrive\programmering\3dprojekt\3dprojekt\debug\imgui_widgets.obj
c:\users\morgan\onedrive\programmering\3dprojekt\3dprojekt\debug\imgui_tables.obj
c:\users\morgan\onedrive\programmering\3dprojekt\3dprojekt\debug\imgui_impl_win32.obj
c:\users\morgan\onedrive\programmering\3dprojekt\3dprojekt\debug\imgui_impl_dx11.obj
c:\users\morgan\onedrive\programmering\3dprojekt\3dprojekt\debug\imgui_draw.obj
c:\users\morgan\onedrive\programmering\3dprojekt\3dprojekt\debug\imgui_demo.obj
c:\users\morgan\onedrive\programmering\3dprojekt\3dprojekt\debug\imgui.obj
c:\users\morgan\onedrive\programmering\3dprojekt\3dprojekt\debug\scene.obj
c:\users\morgan\onedrive\programmering\3dprojekt\3dprojekt\debug\cbuffer.obj
c:\users\morgan\onedrive\programmering\3dprojekt\3dprojekt\debug\sceneobject.obj
c:\users\morgan\onedrive\programmering\3dprojekt\3dprojekt\debug\main.obj
d:\school\3dprojektet\3dprojekt\debug\vc142.pdb
d:\school\3dprojektet\3dprojekt\debug\vc142.idb
d:\school\3dprojektet\3dprojekt\debug\windowhelper.obj
d:\school\3dprojektet\3dprojekt\debug\sceneobject.obj
d:\school\3dprojektet\3dprojekt\debug\scene.obj
d:\school\3dprojektet\3dprojekt\debug\pipelinehelper.obj
d:\school\3dprojektet\3dprojekt\debug\material.obj
d:\school\3dprojektet\3dprojekt\debug\main.obj
d:\school\3dprojektet\3dprojekt\debug\lightbuffer.obj
d:\school\3dprojektet\3dprojekt\debug\imgui_widgets.obj
d:\school\3dprojektet\3dprojekt\debug\imgui_tables.obj
d:\school\3dprojektet\3dprojekt\debug\imgui_impl_win32.obj
d:\school\3dprojektet\3dprojekt\debug\imgui_impl_dx11.obj
d:\school\3dprojektet\3dprojekt\debug\imgui_draw.obj
d:\school\3dprojektet\3dprojekt\debug\imgui_demo.obj
d:\school\3dprojektet\3dprojekt\debug\imgui.obj
d:\school\3dprojektet\3dprojekt\debug\d3d11helper.obj
d:\school\3dprojektet\3dprojekt\debug\cbuffer.obj
d:\school\3dprojektet\3dprojekt\debug\constantbuffer.obj
c:\users\morgan\onedrive\programmering\3dprojekt\debug\vertexshader.cso
c:\users\morgan\onedrive\programmering\3dprojekt\debug\pixelshader.cso
d:\school\3dprojektet\debug\vertexshader.cso
d:\school\3dprojektet\debug\pixelshader.cso
c:\users\morgan\onedrive\programmering\3dprojekt\debug\3dprojekt.exe
c:\users\morgan\onedrive\programmering\3dprojekt\3dprojekt\debug\3dprojekt.ilk
c:\users\morgan\onedrive\programmering\3dprojekt\debug\3dprojekt.pdb
d:\school\3dprojektet\debug\3dprojekt.exe
d:\school\3dprojektet\3dprojekt\debug\3dprojekt.ilk
d:\school\3dprojektet\debug\3dprojekt.pdb
d:\school\3dprojektet\3dprojekt\debug\constantbuffer-desktop-ij99b3l.obj
d:\school\3dprojektet\3dprojekt\debug\main-desktop-ij99b3l.obj
d:\school\3dprojektet\3dprojekt\debug\windowhelper-desktop-ij99b3l.obj
d:\school\3dprojektet\3dprojekt\debug\main.obj.enc
d:\school\3dprojektet\3dprojekt\debug\sceneobject.obj.enc
d:\school\3dprojektet\3dprojekt\debug\vc142-desktop-ij99b3l-2.idb
d:\school\3dprojektet\3dprojekt\debug\vc142-desktop-ij99b3l.idb
d:\school\3dprojektet\3dprojekt\debug\vc142-desktop-ij99b3l-2.pdb
d:\school\3dprojektet\3dprojekt\debug\vc142-desktop-ij99b3l.pdb
d:\school\3dprojektet\debug\3dprojekt.ilk
d:\school\3dprojektet\3dprojekt\debug\3dprojekt.tlog\cl.command.1-desktop-ij99b3l-2.tlog
d:\school\3dprojektet\3dprojekt\debug\3dprojekt.tlog\cl.command.1-desktop-ij99b3l.tlog
d:\school\3dprojektet\3dprojekt\debug\3dprojekt.tlog\cl.command.1.tlog
d:\school\3dprojektet\3dprojekt\debug\3dprojekt.tlog\cl.read.1-desktop-ij99b3l-desktop-ij99b3l.tlog
d:\school\3dprojektet\3dprojekt\debug\3dprojekt.tlog\cl.write.1-desktop-ij99b3l.tlog
d:\school\3dprojektet\3dprojekt\debug\3dprojekt.tlog\fxc.command.1.tlog
d:\school\3dprojektet\3dprojekt\debug\3dprojekt.tlog\fxc.read.1.tlog
d:\school\3dprojektet\3dprojekt\debug\3dprojekt.tlog\fxc.write.1.tlog
d:\school\3dprojektet\3dprojekt\debug\3dprojekt.tlog\link.command.1-desktop-ij99b3l.tlog
d:\school\3dprojektet\3dprojekt\debug\3dprojekt.tlog\link.command.1.tlog
d:\school\3dprojektet\3dprojekt\debug\3dprojekt.tlog\link.delete.1.tlog
d:\school\3dprojektet\3dprojekt\debug\3dprojekt.tlog\link.read.1-desktop-ij99b3l-desktop-ij99b3l.tlog
d:\school\3dprojektet\3dprojekt\debug\3dprojekt.tlog\link.write.1-desktop-ij99b3l-desktop-ij99b3l.tlog
