C:\Program Files (x86)\Microsoft Visual Studio\2019\Community\MSBuild\Microsoft\VC\v160\Microsoft.CppBuild.targets(513,5): warning MSB8028: The intermediate directory (Debug\) contains files shared from another project (3DProjekt-DESKTOP-IJ99B3L-2.vcxproj, 3DProjekt-DESKTOP-IJ99B3L.vcxproj).  This can lead to incorrect clean and rebuild behavior.
  compilation object save succeeded; see D:\School\Real3Dproject\Debug\PixelShader.cso
  compilation object save succeeded; see D:\School\Real3Dproject\Debug\VertexShader.cso
  cBuffer.cpp
  D3D11Helper.cpp
  imgui.cpp
  imgui_demo.cpp
  imgui_draw.cpp
  imgui_impl_dx11.cpp
  imgui_impl_win32.cpp
  imgui_tables.cpp
  imgui_widgets.cpp
  LightBuffer.cpp
  Main.cpp
D:\School\Real3Dproject\3DProjekt\ObjParser.h(31,8): warning C4101: 'specComp': unreferenced local variable
D:\School\Real3Dproject\3DProjekt\Main.cpp(233,22): warning C4305: '+=': truncation from 'double' to 'float'
D:\School\Real3Dproject\3DProjekt\Main.cpp(235,22): warning C4305: '+=': truncation from 'double' to 'float'
D:\School\Real3Dproject\3DProjekt\Main.cpp(237,22): warning C4305: '+=': truncation from 'double' to 'float'
D:\School\Real3Dproject\3DProjekt\Main.cpp(141,19): warning C4101: 'vertexBuffer': unreferenced local variable
  Material.cpp
  PipelineHelper.cpp
  Scene.cpp
D:\School\Real3Dproject\3DProjekt\ObjParser.h(31,8): warning C4101: 'specComp': unreferenced local variable
  SceneObject.cpp
D:\School\Real3Dproject\3DProjekt\ObjParser.h(31,8): warning C4101: 'specComp': unreferenced local variable
  WindowHelper.cpp
  Generating Code...
  ConstantBuffer.cpp
  LINK : D:\School\Real3Dproject\Debug\3DProjekt.exe not found or not built by the last incremental link; performing full link
  3DProjekt.vcxproj -> D:\School\Real3Dproject\Debug\3DProjekt.exe
