d:\school\3dprojektet\3dprojekt\x64\debug\vc142.pdb
d:\school\3dprojektet\3dprojekt\x64\debug\vc142.idb
d:\school\3dprojektet\3dprojekt\x64\debug\windowhelper.obj
d:\school\3dprojektet\3dprojekt\x64\debug\sceneobject.obj
d:\school\3dprojektet\3dprojekt\x64\debug\scene.obj
d:\school\3dprojektet\3dprojekt\x64\debug\pipelinehelper.obj
d:\school\3dprojektet\3dprojekt\x64\debug\material.obj
d:\school\3dprojektet\3dprojekt\x64\debug\main.obj
d:\school\3dprojektet\3dprojekt\x64\debug\lightbuffer.obj
d:\school\3dprojektet\3dprojekt\x64\debug\imgui_widgets.obj
d:\school\3dprojektet\3dprojekt\x64\debug\imgui_tables.obj
d:\school\3dprojektet\3dprojekt\x64\debug\imgui_impl_win32.obj
d:\school\3dprojektet\3dprojekt\x64\debug\imgui_impl_dx11.obj
d:\school\3dprojektet\3dprojekt\x64\debug\imgui_draw.obj
d:\school\3dprojektet\3dprojekt\x64\debug\imgui_demo.obj
d:\school\3dprojektet\3dprojekt\x64\debug\imgui.obj
d:\school\3dprojektet\3dprojekt\x64\debug\d3d11helper.obj
d:\school\3dprojektet\3dprojekt\x64\debug\constantbuffer.obj
d:\school\3dprojektet\3dprojekt\x64\debug\cbuffer.obj
d:\school\3dprojektet\x64\debug\pixelshader.cso
d:\school\3dprojektet\x64\debug\vertexshader.cso
d:\school\3dprojektet\x64\debug\3dprojekt.pdb
d:\school\3dprojektet\3dprojekt\x64\debug\3dprojekt.tlog\cl.command.1.tlog
d:\school\3dprojektet\3dprojekt\x64\debug\3dprojekt.tlog\cl.read.1.tlog
d:\school\3dprojektet\3dprojekt\x64\debug\3dprojekt.tlog\cl.write.1.tlog
d:\school\3dprojektet\3dprojekt\x64\debug\3dprojekt.tlog\fxc.command.1.tlog
d:\school\3dprojektet\3dprojekt\x64\debug\3dprojekt.tlog\fxc.read.1.tlog
d:\school\3dprojektet\3dprojekt\x64\debug\3dprojekt.tlog\fxc.write.1.tlog
d:\school\3dprojektet\3dprojekt\x64\debug\3dprojekt.tlog\link-cvtres.read.1.tlog
d:\school\3dprojektet\3dprojekt\x64\debug\3dprojekt.tlog\link-cvtres.write.1.tlog
d:\school\3dprojektet\3dprojekt\x64\debug\3dprojekt.tlog\link-rc.read.1.tlog
d:\school\3dprojektet\3dprojekt\x64\debug\3dprojekt.tlog\link-rc.write.1.tlog
d:\school\3dprojektet\3dprojekt\x64\debug\3dprojekt.tlog\link.command.1.tlog
d:\school\3dprojektet\3dprojekt\x64\debug\3dprojekt.tlog\link.read.1.tlog
d:\school\3dprojektet\3dprojekt\x64\debug\3dprojekt.tlog\link.write.1.tlog
